** Message: environement.vala:58: Exporting primary_variable
** Message: environement.vala:59: desktop_environnement XDG_CURRENT_DESKTOP
** Message: environement.vala:150: confir_dirs is null, export : /etc/xdg
** Message: environement.vala:184: Exporting XDG_CONFIG_DIRS
** Message: environement.vala:218: custom_data :
** Message: environement.vala:219: data_dirs :/usr/local/share:/usr/share/raspi-ui-overrides:/usr/share:/usr/share/gdm:/var/lib/menu-xdg
** Message: environement.vala:220: data_dirs not null, export : /usr/local/share:/usr/share/raspi-ui-overrides:/usr/share:/usr/share/gdm:/var/lib/menu-xdg
** Message: environement.vala:225: Exporting XDG_DATA_DIRS
** Message: utils.vala:138: Config system location : /etc/xdg/lxsession/LXDE-pi
** Message: utils.vala:144: System system path location : /etc/xdg/lxsession/LXDE-pi/desktop.conf
** Message: utils.vala:148: Final file used : /etc/xdg/lxsession/LXDE-pi/desktop.conf
** Message: utils.vala:39: Config system location : /etc/xdg/lxsession/LXDE-pi
** Message: utils.vala:45: System system path location : /etc/xdg/lxsession/LXDE-pi/desktop.conf

** (lxsession:537): WARNING **: utils.vala:70: No such file or directory
** Message: settings.vala:540: Key file does not have key 'iGtk/ColorScheme' in group 'GTK'
** Message: settings.vala:540: Key file does not have key 'windows_manager/command' in group 'Session'
** Message: settings.vala:540: Key file does not have key 'panel/command' in group 'Session'
** Message: settings.vala:540: Key file does not have key 'dock/command' in group 'Session'
** Message: settings.vala:540: Key file does not have key 'file_manager/command' in group 'Session'
** Message: settings.vala:540: Key file does not have key 'desktop_manager/command' in group 'Session'
** Message: settings.vala:540: Key file does not have key 'launcher_manager/autostart' in group 'Session'
** Message: settings.vala:540: Key file does not have key 'composite_manager/command' in group 'Session'
** Message: settings.vala:540: Key file does not have key 'im1/command' in group 'Session'
** Message: settings.vala:540: Key file does not have key 'im2/command' in group 'Session'
** Message: settings.vala:540: Key file does not have key 'widget1/command' in group 'Session'
** Message: settings.vala:540: Key file does not have key 'notification/command' in group 'Session'
** Message: settings.vala:540: Key file does not have key 'keybindings/command' in group 'Session'
** Message: settings.vala:540: Key file does not have key 'im_manager/command' in group 'Session'
** Message: settings.vala:540: Key file does not have key 'screensaver/command' in group 'Session'
** Message: settings.vala:540: Key file does not have key 'power_manager/command' in group 'Session'
** Message: settings.vala:540: Key file does not have key 'audio_manager/command' in group 'Session'
** Message: settings.vala:540: Key file does not have key 'workspace_manager/command' in group 'Session'
** Message: settings.vala:540: Key file does not have key 'screenshot_manager/command' in group 'Session'
** Message: settings.vala:540: Key file does not have key 'message_manager/command' in group 'Session'
** Message: settings.vala:540: Key file does not have key 'upgrade_manager/command' in group 'Session'
** Message: settings.vala:540: Key file does not have key 'updates_manager/command' in group 'Session'
** Message: settings.vala:540: Key file does not have key 'updates_manager/timeout' in group 'Session'
** Message: settings.vala:540: Key file does not have key 'crash_manager/command' in group 'Session'
** Message: settings.vala:540: Key file does not have key 'crash_manager/dev_mode' in group 'Session'
** Message: settings.vala:540: Key file does not have key 'crash_manager/timeout' in group 'Session'
** Message: settings.vala:540: Key file does not have key 'upstart_user_session' in group 'Session'
** Message: settings.vala:540: Key file does not have key 'proxy_manager/http' in group 'Session'
** Message: settings.vala:540: Key file does not have key 'a11y/command' in group 'Session'
** Message: settings.vala:540: Key file does not have key 'xrandr/command' in group 'Session'
** Message: settings.vala:540: Key file does not have key 'network_gui/command' in group 'Session'
** Message: settings.vala:540: Key file does not have key 'webbrowser/command' in group 'Session'
** Message: settings.vala:540: Key file does not have key 'email/command' in group 'Session'
** Message: settings.vala:540: Key file does not have key 'pdf_reader/command' in group 'Session'
** Message: settings.vala:540: Key file does not have key 'video_player/command' in group 'Session'
** Message: settings.vala:540: Key file does not have key 'audio_player/command' in group 'Session'
** Message: settings.vala:540: Key file does not have key 'images_display/command' in group 'Session'
** Message: settings.vala:540: Key file does not have key 'text_editor/command' in group 'Session'
** Message: settings.vala:540: Key file does not have key 'archive/command' in group 'Session'
** Message: settings.vala:540: Key file does not have key 'charmap/command' in group 'Session'
** Message: settings.vala:540: Key file does not have key 'calculator/command' in group 'Session'
** Message: settings.vala:540: Key file does not have key 'spreadsheet/command' in group 'Session'
** Message: settings.vala:540: Key file does not have key 'bittorent/command' in group 'Session'
** Message: settings.vala:540: Key file does not have key 'document/command' in group 'Session'
** Message: settings.vala:540: Key file does not have key 'webcam/command' in group 'Session'
** Message: settings.vala:540: Key file does not have key 'burn/command' in group 'Session'
** Message: settings.vala:540: Key file does not have key 'notes/command' in group 'Session'
** Message: settings.vala:540: Key file does not have key 'disk_utility/command' in group 'Session'
** Message: settings.vala:540: Key file does not have key 'tasks/command' in group 'Session'
** Message: settings.vala:540: Key file does not have group 'Keymap'
** Message: settings.vala:540: Key file does not have key 'laptop_mode' in group 'State'
** Message: settings.vala:540: Key file does not have key 'gnome' in group 'Dbus'
** Message: settings.vala:540: Key file does not have key 'type' in group 'Environment'
** Message: settings.vala:540: Key file does not have key 'ubuntu_menuproxy' in group 'Environment'
** Message: settings.vala:540: Key file does not have key 'toolkit_integration' in group 'Environment'
** Message: settings.vala:540: Key file does not have key 'gtk/overlay_scrollbar_disable' in group 'Environment'
** Message: settings.vala:540: Key file does not have key 'qt/force_theme' in group 'Environment'
** Message: settings.vala:540: Key file does not have key 'qt/platform' in group 'Environment'
** Message: settings.vala:462: Monitoring: /etc/xdg/lxsession/LXDE-pi/desktop.conf
** Message: settings.vala:470: Desktop file is not in config home, monitoring creation of it
** Message: settings.vala:485: Monitoring home path: /home/pi/.config/lxsession/LXDE-pi/desktop.conf
** Message: environement.vala:79: Exporting variable
** Message: environement.vala:80: desktop_environnement XDG_CURRENT_DESKTOP
** Message: environement.vala:177: custom_config :
** Message: environement.vala:178: config_dirs :/etc/xdg
** Message: environement.vala:179: confir_dirs not null, export : /etc/xdg
** Message: environement.vala:184: Exporting XDG_CONFIG_DIRS
** Message: environement.vala:218: custom_data :
** Message: environement.vala:219: data_dirs :/usr/local/share:/usr/share/raspi-ui-overrides:/usr/share:/usr/share/gdm:/var/lib/menu-xdg
** Message: environement.vala:220: data_dirs not null, export : /usr/local/share:/usr/share/raspi-ui-overrides:/usr/share:/usr/share/gdm:/var/lib/menu-xdg
** Message: environement.vala:225: Exporting XDG_DATA_DIRS
** Message: utils.vala:39: Config system location : /etc/xdg/lxsession/LXDE-pi
** Message: utils.vala:45: System system path location : /etc/xdg/lxsession/LXDE-pi/desktop.conf

** (lxsession:537): WARNING **: utils.vala:70: No such file or directory
** Message: environement.vala:254: No entry in [Environment_variable]. Key file does not have group 'Environment_variable'
** Message: utils.vala:138: Config system location : /etc/xdg/lxsession/LXDE-pi
** Message: utils.vala:144: System system path location : /etc/xdg/lxsession/LXDE-pi/conffiles.conf
** Message: utils.vala:148: Final file used : /etc/xdg/lxsession/LXDE-pi/conffiles.conf
** Message: options.vala:164: Activate xsettings_manager build-in
** Message: utils.vala:39: Config system location : /etc/xdg/lxsession/LXDE-pi
** Message: utils.vala:45: System system path location : /etc/xdg/lxsession/LXDE-pi/desktop.conf

** (lxsession:537): WARNING **: utils.vala:70: No such file or directory
xprop:  no such property "_NET_NUMBER_OF_DESKTOPS"
xprop:  no such property "_NET_DESKTOP_NAMES"
** Message: app.vala:721: polkit separate
** Message: app.vala:721: polkit separate
** Message: app.vala:76: Launching lxpolkit 
** Message: utils.vala:138: Config system location : /etc/xdg/lxsession/LXDE-pi
** Message: utils.vala:144: System system path location : /etc/xdg/lxsession/LXDE-pi/autostart
** Message: utils.vala:148: Final file used : /etc/xdg/lxsession/LXDE-pi/autostart
** Message: autostart.vala:42: Autostart path : /etc/xdg/lxsession/LXDE-pi/autostart
** Message: app.vala:76: Launching lxpanel 
** Message: app.vala:76: Launching pcmanfm 

** (lxsession:537): WARNING **: app.vala:86: Failed to execute child process "xscreensaver" (No such file or directory)

** (lxsession:537): WARNING **: app.vala:87: Error when launching xscreensaver
Openbox-Message: Unable to find a valid menu file "/usr/share/lxde/openbox/menu.xml"
** Message: app.vala:76: Launching point-rpi 
** Message: x-terminal-emulator has very limited support, consider choose another terminal
** Message: x-terminal-emulator has very limited support, consider choose another terminal
** Message: options.vala:107: Create build-in Clipboard
** Message: main.vala:442: Check keymap_mode (null)
** Message: app.vala:76: Launching /usr/bin/ssh-agent 
SSH_AUTH_SOCK=/tmp/ssh-T4IPKaAWNFYK/agent.661; export SSH_AUTH_SOCK;
SSH_AGENT_PID=664; export SSH_AGENT_PID;
echo Agent pid 664;
** Message: app.vala:130: point-rpi exit with this type of exit: 0
** Message: app.vala:130: /usr/bin/ssh-agent exit with this type of exit: 0
** Message: Connecting ...
** Message: Status changed to down

** (lxpanel:634): CRITICAL **: dhcpcd_open: Inappropriate ioctl for device
** Message: bt: Name org.bluez unowned on DBus
** Message: va: Name org.bluez unowned on DBus
** Message: Status changed to opened
** Message: Connected to dhcpcd-6.11.5
** Message: Status changed to connecting
** Message: eth0: Link is up, configuring
** Message: eth0: Configured 10.0.2.15/24
** Message: Status changed to connected
lxterminal
pcmanfm 
gpicview '/home/pi/bnn/sample_data/test/20180206_133348.jpg' 
/usr/bin/x-www-browser 
[930:997:0711/140654.892009:ERROR:object_proxy.cc(621)] Failed to call method: org.freedesktop.Notifications.GetCapabilities: object_path= /org/freedesktop/Notifications: org.freedesktop.DBus.Error.ServiceUnknown: The name org.freedesktop.Notifications was not provided by any .service files
ATTENTION: default value of option force_s3tc_enable overridden by environment.
[4:11:0711/140655.823806:ERROR:command_buffer_proxy_impl.cc(105)] ContextResult::kTransientFailure: Shared memory region is not valid
pcmanfm 
pcmanfm 
lxterminal
/usr/bin/x-www-browser 
[1276:1342:0711/142432.194694:ERROR:object_proxy.cc(621)] Failed to call method: org.freedesktop.Notifications.GetCapabilities: object_path= /org/freedesktop/Notifications: org.freedesktop.DBus.Error.ServiceUnknown: The name org.freedesktop.Notifications was not provided by any .service files
ATTENTION: default value of option force_s3tc_enable overridden by environment.
[4:11:0711/142432.735116:ERROR:command_buffer_proxy_impl.cc(105)] ContextResult::kTransientFailure: Shared memory region is not valid
lxterminal
